<?xml version="1.0" encoding="UTF-8"?>
<!-- Generated by org.testng.reporters.JUnitReportReporter -->
<testsuite skipped="0" hostname="LAPTOP-O4I02FC2" name="testCases.TC001_GET_AllProduct" tests="1" failures="0" timestamp="2021-03-01T23:21:45 CST" time="2.312" errors="0">
  <testcase name="getalltheproducts" time="2.312" classname="testCases.TC001_GET_AllProduct"/>
  <system-out/>
</testsuite> <!-- testCases.TC001_GET_AllProduct -->
