<?xml version="1.0" encoding="UTF-8"?>
<!-- Generated by org.testng.reporters.JUnitReportReporter -->
<testsuite skipped="0" hostname="LAPTOP-O4I02FC2" name="testCases.Creat_A_Product" tests="1" failures="0" timestamp="27 Feb 2021 19:41:23 GMT" time="3.395" errors="0">
  <testcase name="creat_A_Product" time="3.395" classname="testCases.Creat_A_Product"/>
</testsuite> <!-- testCases.Creat_A_Product -->
