<?xml version="1.0" encoding="UTF-8"?>
<!-- Generated by org.testng.reporters.JUnitReportReporter -->
<testsuite skipped="0" hostname="LAPTOP-O4I02FC2" name="testCases.TC002_POST" tests="1" failures="0" timestamp="2021-03-02T23:18:26 CST" time="2.860" errors="0">
  <testcase name="creatAProduct" time="2.860" classname="testCases.TC002_POST"/>
  <system-out/>
</testsuite> <!-- testCases.TC002_POST -->
