<?xml version="1.0" encoding="UTF-8"?>
<!-- Generated by org.testng.reporters.JUnitReportReporter -->
<testsuite skipped="0" hostname="LAPTOP-O4I02FC2" name="testCases.GET_A_Product" tests="1" failures="0" timestamp="27 Feb 2021 19:42:01 GMT" time="3.769" errors="0">
  <testcase name="read_A_Products" time="3.769" classname="testCases.GET_A_Product"/>
</testsuite> <!-- testCases.GET_A_Product -->
